  [1m[35m (0.1ms)[0m  [1m[34mSELECT sqlite_version(*)[0m
  ↳ bin/rails:4
  [1m[35m (6.4ms)[0m  [1m[35mCREATE TABLE "schema_migrations" ("version" varchar NOT NULL PRIMARY KEY)[0m
  ↳ bin/rails:4
  [1m[35m (1.9ms)[0m  [1m[35mCREATE TABLE "ar_internal_metadata" ("key" varchar NOT NULL PRIMARY KEY, "value" varchar, "created_at" datetime NOT NULL, "updated_at" datetime NOT NULL)[0m
  ↳ bin/rails:4
  [1m[36mActiveRecord::InternalMetadata Load (0.1ms)[0m  [1m[34mSELECT  "ar_internal_metadata".* FROM "ar_internal_metadata" WHERE "ar_internal_metadata"."key" = ? LIMIT ?[0m  [["key", "environment"], ["LIMIT", 1]]
  ↳ bin/rails:4
  [1m[35m (0.0ms)[0m  [1m[36mbegin transaction[0m
  ↳ bin/rails:4
  [1m[36mActiveRecord::InternalMetadata Create (0.2ms)[0m  [1m[32mINSERT INTO "ar_internal_metadata" ("key", "value", "created_at", "updated_at") VALUES (?, ?, ?, ?)[0m  [["key", "environment"], ["value", "development"], ["created_at", "2018-09-03 09:03:33.704629"], ["updated_at", "2018-09-03 09:03:33.704629"]]
  ↳ bin/rails:4
  [1m[35m (1.1ms)[0m  [1m[36mcommit transaction[0m
  ↳ bin/rails:4
  [1m[35m (0.1ms)[0m  [1m[34mSELECT "schema_migrations"."version" FROM "schema_migrations" ORDER BY "schema_migrations"."version" ASC[0m
  ↳ bin/rails:4
  [1m[35m (0.1ms)[0m  [1m[34mSELECT "schema_migrations"."version" FROM "schema_migrations" ORDER BY "schema_migrations"."version" ASC[0m
  ↳ bin/rails:4
Migrating to CreateEvents (20180903090553)
  [1m[35m (0.1ms)[0m  [1m[36mbegin transaction[0m
  ↳ bin/rails:4
  [1m[35m (0.1ms)[0m  [1m[34mSELECT sqlite_version(*)[0m
  ↳ db/migrate/20180903090553_create_events.rb:3
  [1m[35m (0.5ms)[0m  [1m[35mCREATE TABLE "events" ("id" integer PRIMARY KEY AUTOINCREMENT NOT NULL, "title" varchar, "body" text, "pub_date" datetime, "organizer" varchar, "image" text, "created_at" datetime NOT NULL, "updated_at" datetime NOT NULL)[0m
  ↳ db/migrate/20180903090553_create_events.rb:3
  [1m[36mActiveRecord::SchemaMigration Create (0.1ms)[0m  [1m[32mINSERT INTO "schema_migrations" ("version") VALUES (?)[0m  [["version", "20180903090553"]]
  ↳ bin/rails:4
  [1m[35m (2.2ms)[0m  [1m[36mcommit transaction[0m
  ↳ bin/rails:4
  [1m[36mActiveRecord::InternalMetadata Load (0.1ms)[0m  [1m[34mSELECT  "ar_internal_metadata".* FROM "ar_internal_metadata" WHERE "ar_internal_metadata"."key" = ? LIMIT ?[0m  [["key", "environment"], ["LIMIT", 1]]
  ↳ bin/rails:4
  [1m[35m (0.0ms)[0m  [1m[36mbegin transaction[0m
  ↳ bin/rails:4
  [1m[35m (0.0ms)[0m  [1m[36mcommit transaction[0m
  ↳ bin/rails:4
  [1m[35m (0.1ms)[0m  [1m[34mSELECT "schema_migrations"."version" FROM "schema_migrations" ORDER BY "schema_migrations"."version" ASC[0m
  ↳ bin/rails:4
  [1m[35m (0.1ms)[0m  [1m[34mSELECT "schema_migrations"."version" FROM "schema_migrations" ORDER BY "schema_migrations"."version" ASC[0m
  ↳ bin/rails:4
Migrating to CreateOrganizers (20180903090655)
  [1m[35m (0.1ms)[0m  [1m[34mSELECT "schema_migrations"."version" FROM "schema_migrations" ORDER BY "schema_migrations"."version" ASC[0m
  ↳ bin/rails:4
Migrating to CreateOrganizers (20180903090655)
  [1m[35m (0.0ms)[0m  [1m[36mbegin transaction[0m
  ↳ bin/rails:4
  [1m[35m (0.1ms)[0m  [1m[34mSELECT sqlite_version(*)[0m
  ↳ db/migrate/20180903090655_create_organizers.rb:3
  [1m[35m (0.2ms)[0m  [1m[35mCREATE TABLE "organizers" ("id" integer PRIMARY KEY AUTOINCREMENT NOT NULL, "name" varchar, "tel" varchar, "fax" varchar, "contact_staff_name" varchar, "contact_staff_tel" varchar, "created_at" datetime NOT NULL, "updated_at" datetime NOT NULL)[0m
  ↳ db/migrate/20180903090655_create_organizers.rb:3
  [1m[36mActiveRecord::SchemaMigration Create (0.1ms)[0m  [1m[32mINSERT INTO "schema_migrations" ("version") VALUES (?)[0m  [["version", "20180903090655"]]
  ↳ bin/rails:4
  [1m[35m (1.8ms)[0m  [1m[36mcommit transaction[0m
  ↳ bin/rails:4
  [1m[36mActiveRecord::InternalMetadata Load (0.2ms)[0m  [1m[34mSELECT  "ar_internal_metadata".* FROM "ar_internal_metadata" WHERE "ar_internal_metadata"."key" = ? LIMIT ?[0m  [["key", "environment"], ["LIMIT", 1]]
  ↳ bin/rails:4
  [1m[35m (0.1ms)[0m  [1m[36mbegin transaction[0m
  ↳ bin/rails:4
  [1m[35m (0.0ms)[0m  [1m[36mcommit transaction[0m
  ↳ bin/rails:4
  [1m[35m (0.1ms)[0m  [1m[34mSELECT "schema_migrations"."version" FROM "schema_migrations" ORDER BY "schema_migrations"."version" ASC[0m
  ↳ bin/rails:4
Started GET "/events" for 127.0.0.1 at 2018-09-03 18:13:07 +0900
  [1m[35m (0.1ms)[0m  [1m[34mSELECT "schema_migrations"."version" FROM "schema_migrations" ORDER BY "schema_migrations"."version" ASC[0m
  ↳ vendor/bundle/ruby/2.5.0/gems/activerecord-5.2.1/lib/active_record/log_subscriber.rb:98
  
ActionController::RoutingError (No route matches [GET] "/events"):
  
vendor/bundle/ruby/2.5.0/gems/actionpack-5.2.1/lib/action_dispatch/middleware/debug_exceptions.rb:65:in `call'
vendor/bundle/ruby/2.5.0/gems/web-console-3.7.0/lib/web_console/middleware.rb:135:in `call_app'
vendor/bundle/ruby/2.5.0/gems/web-console-3.7.0/lib/web_console/middleware.rb:30:in `block in call'
vendor/bundle/ruby/2.5.0/gems/web-console-3.7.0/lib/web_console/middleware.rb:20:in `catch'
vendor/bundle/ruby/2.5.0/gems/web-console-3.7.0/lib/web_console/middleware.rb:20:in `call'
vendor/bundle/ruby/2.5.0/gems/actionpack-5.2.1/lib/action_dispatch/middleware/show_exceptions.rb:33:in `call'
vendor/bundle/ruby/2.5.0/gems/railties-5.2.1/lib/rails/rack/logger.rb:38:in `call_app'
vendor/bundle/ruby/2.5.0/gems/railties-5.2.1/lib/rails/rack/logger.rb:26:in `block in call'
vendor/bundle/ruby/2.5.0/gems/activesupport-5.2.1/lib/active_support/tagged_logging.rb:71:in `block in tagged'
vendor/bundle/ruby/2.5.0/gems/activesupport-5.2.1/lib/active_support/tagged_logging.rb:28:in `tagged'
vendor/bundle/ruby/2.5.0/gems/activesupport-5.2.1/lib/active_support/tagged_logging.rb:71:in `tagged'
vendor/bundle/ruby/2.5.0/gems/railties-5.2.1/lib/rails/rack/logger.rb:26:in `call'
vendor/bundle/ruby/2.5.0/gems/sprockets-rails-3.2.1/lib/sprockets/rails/quiet_assets.rb:13:in `call'
vendor/bundle/ruby/2.5.0/gems/actionpack-5.2.1/lib/action_dispatch/middleware/remote_ip.rb:81:in `call'
vendor/bundle/ruby/2.5.0/gems/actionpack-5.2.1/lib/action_dispatch/middleware/request_id.rb:27:in `call'
vendor/bundle/ruby/2.5.0/gems/rack-2.0.5/lib/rack/method_override.rb:22:in `call'
vendor/bundle/ruby/2.5.0/gems/rack-2.0.5/lib/rack/runtime.rb:22:in `call'
vendor/bundle/ruby/2.5.0/gems/activesupport-5.2.1/lib/active_support/cache/strategy/local_cache_middleware.rb:29:in `call'
vendor/bundle/ruby/2.5.0/gems/actionpack-5.2.1/lib/action_dispatch/middleware/executor.rb:14:in `call'
vendor/bundle/ruby/2.5.0/gems/actionpack-5.2.1/lib/action_dispatch/middleware/static.rb:127:in `call'
vendor/bundle/ruby/2.5.0/gems/rack-2.0.5/lib/rack/sendfile.rb:111:in `call'
vendor/bundle/ruby/2.5.0/gems/railties-5.2.1/lib/rails/engine.rb:524:in `call'
vendor/bundle/ruby/2.5.0/gems/puma-3.12.0/lib/puma/configuration.rb:225:in `call'
vendor/bundle/ruby/2.5.0/gems/puma-3.12.0/lib/puma/server.rb:658:in `handle_request'
vendor/bundle/ruby/2.5.0/gems/puma-3.12.0/lib/puma/server.rb:472:in `process_client'
vendor/bundle/ruby/2.5.0/gems/puma-3.12.0/lib/puma/server.rb:332:in `block in run'
vendor/bundle/ruby/2.5.0/gems/puma-3.12.0/lib/puma/thread_pool.rb:133:in `block in spawn_thread'
Started GET "/events" for 127.0.0.1 at 2018-09-03 18:14:22 +0900
  [1m[35m (0.1ms)[0m  [1m[34mSELECT "schema_migrations"."version" FROM "schema_migrations" ORDER BY "schema_migrations"."version" ASC[0m
  ↳ vendor/bundle/ruby/2.5.0/gems/activerecord-5.2.1/lib/active_record/log_subscriber.rb:98
Processing by EventsController#index as HTML
  Rendering events/index.html.erb within layouts/application
  Rendered events/index.html.erb within layouts/application (0.6ms)
Completed 200 OK in 852ms (Views: 841.8ms | ActiveRecord: 0.0ms)


Started GET "/events.json" for 127.0.0.1 at 2018-09-03 18:14:26 +0900
Processing by EventsController#index as JSON
Completed 500 Internal Server Error in 1ms (ActiveRecord: 0.0ms)


  
ActionView::MissingTemplate (Missing template events/json, application/json with {:locale=>[:en], :formats=>[:json], :variants=>[], :handlers=>[:raw, :erb, :html, :builder, :ruby, :coffee, :jbuilder]}. Searched in:
  * "/media/ocha/aa493048-2525-4c13-9c72-509810b384cf/work/goolus/filemaker-course/events_rails/app/views"
):
  
app/controllers/events_controller.rb:6:in `block (2 levels) in index'
app/controllers/events_controller.rb:4:in `index'
Started POST "/users" for 192.168.2.8 at 2018-09-03 18:14:50 +0900
Cannot render console from 192.168.2.8! Allowed networks: 127.0.0.1, ::1, 127.0.0.0/127.255.255.255
  
ActionController::RoutingError (No route matches [POST] "/users"):
  
vendor/bundle/ruby/2.5.0/gems/actionpack-5.2.1/lib/action_dispatch/middleware/debug_exceptions.rb:65:in `call'
vendor/bundle/ruby/2.5.0/gems/web-console-3.7.0/lib/web_console/middleware.rb:135:in `call_app'
vendor/bundle/ruby/2.5.0/gems/web-console-3.7.0/lib/web_console/middleware.rb:22:in `block in call'
vendor/bundle/ruby/2.5.0/gems/web-console-3.7.0/lib/web_console/middleware.rb:20:in `catch'
vendor/bundle/ruby/2.5.0/gems/web-console-3.7.0/lib/web_console/middleware.rb:20:in `call'
vendor/bundle/ruby/2.5.0/gems/actionpack-5.2.1/lib/action_dispatch/middleware/show_exceptions.rb:33:in `call'
vendor/bundle/ruby/2.5.0/gems/railties-5.2.1/lib/rails/rack/logger.rb:38:in `call_app'
vendor/bundle/ruby/2.5.0/gems/railties-5.2.1/lib/rails/rack/logger.rb:26:in `block in call'
vendor/bundle/ruby/2.5.0/gems/activesupport-5.2.1/lib/active_support/tagged_logging.rb:71:in `block in tagged'
vendor/bundle/ruby/2.5.0/gems/activesupport-5.2.1/lib/active_support/tagged_logging.rb:28:in `tagged'
vendor/bundle/ruby/2.5.0/gems/activesupport-5.2.1/lib/active_support/tagged_logging.rb:71:in `tagged'
vendor/bundle/ruby/2.5.0/gems/railties-5.2.1/lib/rails/rack/logger.rb:26:in `call'
vendor/bundle/ruby/2.5.0/gems/sprockets-rails-3.2.1/lib/sprockets/rails/quiet_assets.rb:13:in `call'
vendor/bundle/ruby/2.5.0/gems/actionpack-5.2.1/lib/action_dispatch/middleware/remote_ip.rb:81:in `call'
vendor/bundle/ruby/2.5.0/gems/actionpack-5.2.1/lib/action_dispatch/middleware/request_id.rb:27:in `call'
vendor/bundle/ruby/2.5.0/gems/rack-2.0.5/lib/rack/method_override.rb:22:in `call'
vendor/bundle/ruby/2.5.0/gems/rack-2.0.5/lib/rack/runtime.rb:22:in `call'
vendor/bundle/ruby/2.5.0/gems/activesupport-5.2.1/lib/active_support/cache/strategy/local_cache_middleware.rb:29:in `call'
vendor/bundle/ruby/2.5.0/gems/actionpack-5.2.1/lib/action_dispatch/middleware/executor.rb:14:in `call'
vendor/bundle/ruby/2.5.0/gems/actionpack-5.2.1/lib/action_dispatch/middleware/static.rb:127:in `call'
vendor/bundle/ruby/2.5.0/gems/rack-2.0.5/lib/rack/sendfile.rb:111:in `call'
vendor/bundle/ruby/2.5.0/gems/railties-5.2.1/lib/rails/engine.rb:524:in `call'
vendor/bundle/ruby/2.5.0/gems/puma-3.12.0/lib/puma/configuration.rb:225:in `call'
vendor/bundle/ruby/2.5.0/gems/puma-3.12.0/lib/puma/server.rb:658:in `handle_request'
vendor/bundle/ruby/2.5.0/gems/puma-3.12.0/lib/puma/server.rb:472:in `process_client'
vendor/bundle/ruby/2.5.0/gems/puma-3.12.0/lib/puma/server.rb:332:in `block in run'
vendor/bundle/ruby/2.5.0/gems/puma-3.12.0/lib/puma/thread_pool.rb:133:in `block in spawn_thread'
Started GET "/events.json" for 127.0.0.1 at 2018-09-03 18:16:33 +0900
  
SyntaxError (/media/ocha/aa493048-2525-4c13-9c72-509810b384cf/work/goolus/filemaker-course/events_rails/app/controllers/events_controller.rb:37: syntax error, unexpected end-of-input, expecting keyword_end):
  
app/controllers/events_controller.rb:37: syntax error, unexpected end-of-input, expecting keyword_end
Started GET "/events.json" for 127.0.0.1 at 2018-09-03 18:16:42 +0900
Processing by EventsController#index as JSON
  [1m[36mEvent Load (0.1ms)[0m  [1m[34mSELECT "events".* FROM "events"[0m
  ↳ app/controllers/events_controller.rb:6
Completed 200 OK in 3ms (Views: 1.1ms | ActiveRecord: 0.3ms)


Started POST "/users" for 192.168.2.8 at 2018-09-03 18:17:56 +0900
Cannot render console from 192.168.2.8! Allowed networks: 127.0.0.1, ::1, 127.0.0.0/127.255.255.255
  
ActionController::RoutingError (No route matches [POST] "/users"):
  
vendor/bundle/ruby/2.5.0/gems/actionpack-5.2.1/lib/action_dispatch/middleware/debug_exceptions.rb:65:in `call'
vendor/bundle/ruby/2.5.0/gems/web-console-3.7.0/lib/web_console/middleware.rb:135:in `call_app'
vendor/bundle/ruby/2.5.0/gems/web-console-3.7.0/lib/web_console/middleware.rb:22:in `block in call'
vendor/bundle/ruby/2.5.0/gems/web-console-3.7.0/lib/web_console/middleware.rb:20:in `catch'
vendor/bundle/ruby/2.5.0/gems/web-console-3.7.0/lib/web_console/middleware.rb:20:in `call'
vendor/bundle/ruby/2.5.0/gems/actionpack-5.2.1/lib/action_dispatch/middleware/show_exceptions.rb:33:in `call'
vendor/bundle/ruby/2.5.0/gems/railties-5.2.1/lib/rails/rack/logger.rb:38:in `call_app'
vendor/bundle/ruby/2.5.0/gems/railties-5.2.1/lib/rails/rack/logger.rb:26:in `block in call'
vendor/bundle/ruby/2.5.0/gems/activesupport-5.2.1/lib/active_support/tagged_logging.rb:71:in `block in tagged'
vendor/bundle/ruby/2.5.0/gems/activesupport-5.2.1/lib/active_support/tagged_logging.rb:28:in `tagged'
vendor/bundle/ruby/2.5.0/gems/activesupport-5.2.1/lib/active_support/tagged_logging.rb:71:in `tagged'
vendor/bundle/ruby/2.5.0/gems/railties-5.2.1/lib/rails/rack/logger.rb:26:in `call'
vendor/bundle/ruby/2.5.0/gems/sprockets-rails-3.2.1/lib/sprockets/rails/quiet_assets.rb:13:in `call'
vendor/bundle/ruby/2.5.0/gems/actionpack-5.2.1/lib/action_dispatch/middleware/remote_ip.rb:81:in `call'
vendor/bundle/ruby/2.5.0/gems/actionpack-5.2.1/lib/action_dispatch/middleware/request_id.rb:27:in `call'
vendor/bundle/ruby/2.5.0/gems/rack-2.0.5/lib/rack/method_override.rb:22:in `call'
vendor/bundle/ruby/2.5.0/gems/rack-2.0.5/lib/rack/runtime.rb:22:in `call'
vendor/bundle/ruby/2.5.0/gems/activesupport-5.2.1/lib/active_support/cache/strategy/local_cache_middleware.rb:29:in `call'
vendor/bundle/ruby/2.5.0/gems/actionpack-5.2.1/lib/action_dispatch/middleware/executor.rb:14:in `call'
vendor/bundle/ruby/2.5.0/gems/actionpack-5.2.1/lib/action_dispatch/middleware/static.rb:127:in `call'
vendor/bundle/ruby/2.5.0/gems/rack-2.0.5/lib/rack/sendfile.rb:111:in `call'
vendor/bundle/ruby/2.5.0/gems/railties-5.2.1/lib/rails/engine.rb:524:in `call'
vendor/bundle/ruby/2.5.0/gems/puma-3.12.0/lib/puma/configuration.rb:225:in `call'
vendor/bundle/ruby/2.5.0/gems/puma-3.12.0/lib/puma/server.rb:658:in `handle_request'
vendor/bundle/ruby/2.5.0/gems/puma-3.12.0/lib/puma/server.rb:472:in `process_client'
vendor/bundle/ruby/2.5.0/gems/puma-3.12.0/lib/puma/server.rb:332:in `block in run'
vendor/bundle/ruby/2.5.0/gems/puma-3.12.0/lib/puma/thread_pool.rb:133:in `block in spawn_thread'
Started POST "/events" for 192.168.2.8 at 2018-09-03 18:22:04 +0900
Cannot render console from 192.168.2.8! Allowed networks: 127.0.0.1, ::1, 127.0.0.0/127.255.255.255
  [1m[35m (0.1ms)[0m  [1m[34mSELECT "schema_migrations"."version" FROM "schema_migrations" ORDER BY "schema_migrations"."version" ASC[0m
  ↳ vendor/bundle/ruby/2.5.0/gems/activerecord-5.2.1/lib/active_record/log_subscriber.rb:98
Processing by EventsController#create as HTML
  Parameters: {"title"=>"楽しい祭り", "pub_date"=>"2018-09-30", "body"=>"本文本文", "organizer"=>"株式会社グラス", "event"=>{"title"=>"楽しい祭り", "body"=>"本文本文", "pub_date"=>"2018-09-30", "organizer"=>"株式会社グラス"}}
Completed 404 Not Found in 4ms (ActiveRecord: 0.5ms)


  
ActiveRecord::RecordNotFound (Couldn't find Event without an ID):
  
app/controllers/events_controller.rb:20:in `create'
Started POST "/events" for 192.168.2.8 at 2018-09-03 18:22:23 +0900
Cannot render console from 192.168.2.8! Allowed networks: 127.0.0.1, ::1, 127.0.0.0/127.255.255.255
Processing by EventsController#create as HTML
  Parameters: {"title"=>"楽しい祭り", "pub_date"=>"2018-09-30", "body"=>"本文本文", "organizer"=>"株式会社グラス", "event"=>{"title"=>"楽しい祭り", "body"=>"本文本文", "pub_date"=>"2018-09-30", "organizer"=>"株式会社グラス"}}
Completed 404 Not Found in 1ms (ActiveRecord: 0.0ms)


  
ActiveRecord::RecordNotFound (Couldn't find Event without an ID):
  
app/controllers/events_controller.rb:20:in `create'
Started POST "/events.json" for 192.168.2.8 at 2018-09-03 18:23:34 +0900
Cannot render console from 192.168.2.8! Allowed networks: 127.0.0.1, ::1, 127.0.0.0/127.255.255.255
  [1m[35m (0.1ms)[0m  [1m[34mSELECT "schema_migrations"."version" FROM "schema_migrations" ORDER BY "schema_migrations"."version" ASC[0m
  ↳ vendor/bundle/ruby/2.5.0/gems/activerecord-5.2.1/lib/active_record/log_subscriber.rb:98
Processing by EventsController#create as JSON
  Parameters: {"title"=>"楽しい祭り", "pub_date"=>"2018-09-30", "body"=>"本文本文", "organizer"=>"株式会社グラス", "event"=>{"title"=>"楽しい祭り", "body"=>"本文本文", "pub_date"=>"2018-09-30", "organizer"=>"株式会社グラス"}}
Completed 404 Not Found in 4ms (ActiveRecord: 0.5ms)


  
ActiveRecord::RecordNotFound (Couldn't find Event without an ID):
  
app/controllers/events_controller.rb:20:in `create'
Started POST "/events.json" for 192.168.2.8 at 2018-09-03 18:24:43 +0900
Cannot render console from 192.168.2.8! Allowed networks: 127.0.0.1, ::1, 127.0.0.0/127.255.255.255
Error occurred while parsing request parameters.
Contents:

{event: {"title": "楽しい祭り", "pub_date": "2018-09-30", "body": "本文本文", "organizer": "株式会社グラス"}}
  
ActionDispatch::Http::Parameters::ParseError (765: unexpected token at '{event: {"title": "楽しい祭り", "pub_date": "2018-09-30", "body": "本文本文", "organizer": "株式会社グラス"}}'):
  
vendor/bundle/ruby/2.5.0/gems/actionpack-5.2.1/lib/action_dispatch/http/parameters.rb:117:in `rescue in parse_formatted_parameters'
vendor/bundle/ruby/2.5.0/gems/actionpack-5.2.1/lib/action_dispatch/http/parameters.rb:111:in `parse_formatted_parameters'
vendor/bundle/ruby/2.5.0/gems/actionpack-5.2.1/lib/action_dispatch/http/request.rb:381:in `block in POST'
vendor/bundle/ruby/2.5.0/gems/rack-2.0.5/lib/rack/request.rb:57:in `fetch'
vendor/bundle/ruby/2.5.0/gems/rack-2.0.5/lib/rack/request.rb:57:in `fetch_header'
vendor/bundle/ruby/2.5.0/gems/actionpack-5.2.1/lib/action_dispatch/http/request.rb:380:in `POST'
vendor/bundle/ruby/2.5.0/gems/actionpack-5.2.1/lib/action_dispatch/http/parameters.rb:55:in `parameters'
vendor/bundle/ruby/2.5.0/gems/actionpack-5.2.1/lib/action_controller/metal/params_wrapper.rb:290:in `_wrapper_enabled?'
vendor/bundle/ruby/2.5.0/gems/actionpack-5.2.1/lib/action_controller/metal/params_wrapper.rb:244:in `process_action'
vendor/bundle/ruby/2.5.0/gems/activerecord-5.2.1/lib/active_record/railties/controller_runtime.rb:24:in `process_action'
vendor/bundle/ruby/2.5.0/gems/actionpack-5.2.1/lib/abstract_controller/base.rb:134:in `process'
vendor/bundle/ruby/2.5.0/gems/actionview-5.2.1/lib/action_view/rendering.rb:32:in `process'
vendor/bundle/ruby/2.5.0/gems/actionpack-5.2.1/lib/action_controller/metal.rb:191:in `dispatch'
vendor/bundle/ruby/2.5.0/gems/actionpack-5.2.1/lib/action_controller/metal.rb:252:in `dispatch'
vendor/bundle/ruby/2.5.0/gems/actionpack-5.2.1/lib/action_dispatch/routing/route_set.rb:52:in `dispatch'
vendor/bundle/ruby/2.5.0/gems/actionpack-5.2.1/lib/action_dispatch/routing/route_set.rb:34:in `serve'
vendor/bundle/ruby/2.5.0/gems/actionpack-5.2.1/lib/action_dispatch/journey/router.rb:52:in `block in serve'
vendor/bundle/ruby/2.5.0/gems/actionpack-5.2.1/lib/action_dispatch/journey/router.rb:35:in `each'
vendor/bundle/ruby/2.5.0/gems/actionpack-5.2.1/lib/action_dispatch/journey/router.rb:35:in `serve'
vendor/bundle/ruby/2.5.0/gems/actionpack-5.2.1/lib/action_dispatch/routing/route_set.rb:840:in `call'
vendor/bundle/ruby/2.5.0/gems/rack-2.0.5/lib/rack/tempfile_reaper.rb:15:in `call'
vendor/bundle/ruby/2.5.0/gems/rack-2.0.5/lib/rack/etag.rb:25:in `call'
vendor/bundle/ruby/2.5.0/gems/rack-2.0.5/lib/rack/conditional_get.rb:38:in `call'
vendor/bundle/ruby/2.5.0/gems/rack-2.0.5/lib/rack/head.rb:12:in `call'
vendor/bundle/ruby/2.5.0/gems/actionpack-5.2.1/lib/action_dispatch/http/content_security_policy.rb:18:in `call'
vendor/bundle/ruby/2.5.0/gems/rack-2.0.5/lib/rack/session/abstract/id.rb:232:in `context'
vendor/bundle/ruby/2.5.0/gems/rack-2.0.5/lib/rack/session/abstract/id.rb:226:in `call'
vendor/bundle/ruby/2.5.0/gems/actionpack-5.2.1/lib/action_dispatch/middleware/cookies.rb:670:in `call'
vendor/bundle/ruby/2.5.0/gems/activerecord-5.2.1/lib/active_record/migration.rb:559:in `call'
vendor/bundle/ruby/2.5.0/gems/actionpack-5.2.1/lib/action_dispatch/middleware/callbacks.rb:28:in `block in call'
vendor/bundle/ruby/2.5.0/gems/activesupport-5.2.1/lib/active_support/callbacks.rb:98:in `run_callbacks'
vendor/bundle/ruby/2.5.0/gems/actionpack-5.2.1/lib/action_dispatch/middleware/callbacks.rb:26:in `call'
vendor/bundle/ruby/2.5.0/gems/actionpack-5.2.1/lib/action_dispatch/middleware/executor.rb:14:in `call'
vendor/bundle/ruby/2.5.0/gems/actionpack-5.2.1/lib/action_dispatch/middleware/debug_exceptions.rb:61:in `call'
vendor/bundle/ruby/2.5.0/gems/web-console-3.7.0/lib/web_console/middleware.rb:135:in `call_app'
vendor/bundle/ruby/2.5.0/gems/web-console-3.7.0/lib/web_console/middleware.rb:22:in `block in call'
vendor/bundle/ruby/2.5.0/gems/web-console-3.7.0/lib/web_console/middleware.rb:20:in `catch'
vendor/bundle/ruby/2.5.0/gems/web-console-3.7.0/lib/web_console/middleware.rb:20:in `call'
vendor/bundle/ruby/2.5.0/gems/actionpack-5.2.1/lib/action_dispatch/middleware/show_exceptions.rb:33:in `call'
vendor/bundle/ruby/2.5.0/gems/railties-5.2.1/lib/rails/rack/logger.rb:38:in `call_app'
vendor/bundle/ruby/2.5.0/gems/railties-5.2.1/lib/rails/rack/logger.rb:26:in `block in call'
vendor/bundle/ruby/2.5.0/gems/activesupport-5.2.1/lib/active_support/tagged_logging.rb:71:in `block in tagged'
vendor/bundle/ruby/2.5.0/gems/activesupport-5.2.1/lib/active_support/tagged_logging.rb:28:in `tagged'
vendor/bundle/ruby/2.5.0/gems/activesupport-5.2.1/lib/active_support/tagged_logging.rb:71:in `tagged'
vendor/bundle/ruby/2.5.0/gems/railties-5.2.1/lib/rails/rack/logger.rb:26:in `call'
vendor/bundle/ruby/2.5.0/gems/sprockets-rails-3.2.1/lib/sprockets/rails/quiet_assets.rb:13:in `call'
vendor/bundle/ruby/2.5.0/gems/actionpack-5.2.1/lib/action_dispatch/middleware/remote_ip.rb:81:in `call'
vendor/bundle/ruby/2.5.0/gems/actionpack-5.2.1/lib/action_dispatch/middleware/request_id.rb:27:in `call'
vendor/bundle/ruby/2.5.0/gems/rack-2.0.5/lib/rack/method_override.rb:22:in `call'
vendor/bundle/ruby/2.5.0/gems/rack-2.0.5/lib/rack/runtime.rb:22:in `call'
vendor/bundle/ruby/2.5.0/gems/activesupport-5.2.1/lib/active_support/cache/strategy/local_cache_middleware.rb:29:in `call'
vendor/bundle/ruby/2.5.0/gems/actionpack-5.2.1/lib/action_dispatch/middleware/executor.rb:14:in `call'
vendor/bundle/ruby/2.5.0/gems/actionpack-5.2.1/lib/action_dispatch/middleware/static.rb:127:in `call'
vendor/bundle/ruby/2.5.0/gems/rack-2.0.5/lib/rack/sendfile.rb:111:in `call'
vendor/bundle/ruby/2.5.0/gems/railties-5.2.1/lib/rails/engine.rb:524:in `call'
vendor/bundle/ruby/2.5.0/gems/puma-3.12.0/lib/puma/configuration.rb:225:in `call'
vendor/bundle/ruby/2.5.0/gems/puma-3.12.0/lib/puma/server.rb:658:in `handle_request'
vendor/bundle/ruby/2.5.0/gems/puma-3.12.0/lib/puma/server.rb:472:in `process_client'
vendor/bundle/ruby/2.5.0/gems/puma-3.12.0/lib/puma/server.rb:332:in `block in run'
vendor/bundle/ruby/2.5.0/gems/puma-3.12.0/lib/puma/thread_pool.rb:133:in `block in spawn_thread'
Started POST "/events.json" for 192.168.2.8 at 2018-09-03 18:25:43 +0900
Cannot render console from 192.168.2.8! Allowed networks: 127.0.0.1, ::1, 127.0.0.0/127.255.255.255
Processing by EventsController#create as JSON
  Parameters: {"event"=>{"title"=>"楽しい祭り", "pub_date"=>"2018-09-30", "body"=>"本文本文", "organizer"=>"株式会社グラス"}}
Completed 404 Not Found in 0ms (ActiveRecord: 0.0ms)


  
ActiveRecord::RecordNotFound (Couldn't find Event without an ID):
  
app/controllers/events_controller.rb:20:in `create'
Started POST "/events.json" for 192.168.2.8 at 2018-09-03 18:27:11 +0900
Cannot render console from 192.168.2.8! Allowed networks: 127.0.0.1, ::1, 127.0.0.0/127.255.255.255
  [1m[35m (0.1ms)[0m  [1m[34mSELECT "schema_migrations"."version" FROM "schema_migrations" ORDER BY "schema_migrations"."version" ASC[0m
  ↳ vendor/bundle/ruby/2.5.0/gems/activerecord-5.2.1/lib/active_record/log_subscriber.rb:98
Processing by EventsController#create as JSON
  Parameters: {"event"=>{"title"=>"楽しい祭り", "pub_date"=>"2018-09-30", "body"=>"本文本文", "organizer"=>"株式会社グラス"}}
Started POST "/events.json" for 192.168.2.8 at 2018-09-03 18:28:05 +0900
Cannot render console from 192.168.2.8! Allowed networks: 127.0.0.1, ::1, 127.0.0.0/127.255.255.255
  [1m[35m (0.1ms)[0m  [1m[34mSELECT "schema_migrations"."version" FROM "schema_migrations" ORDER BY "schema_migrations"."version" ASC[0m
  ↳ vendor/bundle/ruby/2.5.0/gems/activerecord-5.2.1/lib/active_record/log_subscriber.rb:98
Processing by EventsController#create as JSON
  Parameters: {"event"=>{"id"=>1, "title"=>"楽しい祭り", "pub_date"=>"2018-09-30", "body"=>"本文本文", "organizer"=>"株式会社グラス"}}
Completed 404 Not Found in 5ms (ActiveRecord: 0.3ms)


  
ActiveRecord::RecordNotFound (Couldn't find Event without an ID):
  
app/controllers/events_controller.rb:20:in `create'
Started POST "/events.json" for 192.168.2.8 at 2018-09-03 18:29:16 +0900
Cannot render console from 192.168.2.8! Allowed networks: 127.0.0.1, ::1, 127.0.0.0/127.255.255.255
Processing by EventsController#create as JSON
  Parameters: {"event"=>{"id"=>1, "title"=>"楽しい祭り", "pub_date"=>"2018-09-30", "body"=>"本文本文", "organizer"=>"株式会社グラス"}}
  [1m[36mEvent Load (0.1ms)[0m  [1m[34mSELECT  "events".* FROM "events" WHERE "events"."id" = ? LIMIT ?[0m  [["id", 1], ["LIMIT", 1]]
  ↳ app/controllers/events_controller.rb:20
  [1m[35m (0.0ms)[0m  [1m[36mbegin transaction[0m
  ↳ app/controllers/events_controller.rb:23
  [1m[36mEvent Create (0.5ms)[0m  [1m[32mINSERT INTO "events" ("id", "created_at", "updated_at") VALUES (?, ?, ?)[0m  [["id", 1], ["created_at", "2018-09-03 09:29:26.152868"], ["updated_at", "2018-09-03 09:29:26.152868"]]
  ↳ app/controllers/events_controller.rb:23
  [1m[35m (1.7ms)[0m  [1m[36mcommit transaction[0m
  ↳ app/controllers/events_controller.rb:23
Completed 500 Internal Server Error in 119ms (ActiveRecord: 2.8ms)


  
NameError (undefined local variable or method `foramt' for #<EventsController:0x00007f1ef02033a0>
Did you mean?  format
               format):
  
app/controllers/events_controller.rb:25:in `block in create'
app/controllers/events_controller.rb:21:in `create'
Started POST "/events.json" for 192.168.2.8 at 2018-09-03 18:29:52 +0900
Cannot render console from 192.168.2.8! Allowed networks: 127.0.0.1, ::1, 127.0.0.0/127.255.255.255
Processing by EventsController#create as JSON
  Parameters: {"event"=>{"id"=>1, "title"=>"楽しい祭り", "pub_date"=>"2018-09-30", "body"=>"本文本文", "organizer"=>"株式会社グラス"}}
  [1m[36mEvent Load (0.1ms)[0m  [1m[34mSELECT  "events".* FROM "events" WHERE "events"."id" = ? LIMIT ?[0m  [["id", 1], ["LIMIT", 1]]
  ↳ app/controllers/events_controller.rb:20
Completed 406 Not Acceptable in 6ms (ActiveRecord: 0.5ms)


  
ActionController::UnknownFormat (ActionController::UnknownFormat):
  
app/controllers/events_controller.rb:21:in `create'
Started POST "/events.json" for 192.168.2.8 at 2018-09-03 18:30:06 +0900
Cannot render console from 192.168.2.8! Allowed networks: 127.0.0.1, ::1, 127.0.0.0/127.255.255.255
Processing by EventsController#create as JSON
  Parameters: {"event"=>{"id"=>1, "title"=>"楽しい祭り", "pub_date"=>"2018-09-30", "body"=>"本文本文", "organizer"=>"株式会社グラス"}}
  [1m[36mEvent Load (0.1ms)[0m  [1m[34mSELECT  "events".* FROM "events" WHERE "events"."id" = ? LIMIT ?[0m  [["id", 1], ["LIMIT", 1]]
  ↳ app/controllers/events_controller.rb:20
Completed 406 Not Acceptable in 1ms (ActiveRecord: 0.1ms)


  
ActionController::UnknownFormat (ActionController::UnknownFormat):
  
app/controllers/events_controller.rb:21:in `create'
